<?xml version="1.0" encoding="UTF-8"?>
<!-- Generated by org.testng.reporters.JUnitXMLReporter -->
<testsuite ignored="0" hostname="LAPTOP-TGUEFRPF" failures="0" tests="6" name="Default test" time="49.202" errors="0" timestamp="2021-11-22T14:10:33 IST">
  <testcase classname="com.Runnerclass.RunnerWithTestNG" name="log4jConfiguration" time="0.161"/>
  <testcase classname="com.Runnerclass.RunnerWithTestNG" name="settingProperties" time="1.901"/>
  <testcase classname="com.Runnerclass.RunnerWithTestNG" name="changingDriver" time="0.002"/>
  <testcase classname="com.Runnerclass.RunnerWithTestNG" name="getUrl" time="13.64"/>
  <testcase classname="com.Runnerclass.RunnerWithTestNG" name="navigateToWomenPage" time="11.92"/>
  <testcase classname="com.Runnerclass.RunnerWithTestNG" name="fullPurchase" time="21.503"/>
</testsuite> <!-- Default test -->
