<?xml version="1.0" encoding="UTF-8"?>
<!-- Generated by org.testng.reporters.JUnitXMLReporter -->
<testsuite ignored="0" hostname="LAPTOP-TGUEFRPF" failures="0" tests="3" name="Test" time="51.723" errors="0" timestamp="2021-11-29T10:08:12 IST">
  <testcase classname="com.Runnerclass.RunnerWithTestNG" name="getUrl" time="13.666"/>
  <testcase classname="com.Runnerclass.RunnerWithTestNG" name="navigateToWomenPage" time="12.948"/>
  <testcase classname="com.Runnerclass.RunnerWithTestNG" name="fullPurchase" time="21.712"/>
</testsuite> <!-- Test -->
